   1              		.cpu cortex-m4
   2              		.eabi_attribute 27, 1
   3              		.eabi_attribute 20, 1
   4              		.eabi_attribute 21, 1
   5              		.eabi_attribute 23, 3
   6              		.eabi_attribute 24, 1
   7              		.eabi_attribute 25, 1
   8              		.eabi_attribute 26, 1
   9              		.eabi_attribute 30, 6
  10              		.eabi_attribute 34, 1
  11              		.eabi_attribute 18, 4
  12              		.file	"PartA.c"
  13              		.text
  14              	.Ltext0:
  15              		.cfi_sections	.debug_frame
  16              		.global	secretCode
  17              		.data
  18              		.align	2
  21              	secretCode:
  22 0000 49204341 		.ascii	"I CAN MORSE\000"
  22      4E204D4F 
  22      52534500 
  23              		.section	.text.main,"ax",%progbits
  24              		.align	1
  25              		.global	main
  26              		.syntax unified
  27              		.thumb
  28              		.thumb_func
  29              		.fpu fpv4-sp-d16
  31              	main:
  32              	.LFB138:
  33              		.file 1 "PartA.c"
   1:PartA.c       **** #include "config.h"
   2:PartA.c       **** 
   3:PartA.c       **** char secretCode [] = "I CAN MORSE";
   4:PartA.c       **** 
   5:PartA.c       **** 
   6:PartA.c       **** 
   7:PartA.c       **** int main(void)
   8:PartA.c       **** {
  34              		.loc 1 8 0
  35              		.cfi_startproc
  36              		@ args = 0, pretend = 0, frame = 16
  37              		@ frame_needed = 1, uses_anonymous_args = 0
  38 0000 80B5     		push	{r7, lr}
  39              	.LCFI0:
  40              		.cfi_def_cfa_offset 8
  41              		.cfi_offset 7, -8
  42              		.cfi_offset 14, -4
  43 0002 84B0     		sub	sp, sp, #16
  44              	.LCFI1:
  45              		.cfi_def_cfa_offset 24
  46 0004 00AF     		add	r7, sp, #0
  47              	.LCFI2:
  48              		.cfi_def_cfa_register 7
   9:PartA.c       ****     XMC_GPIO_CONFIG_t config;
  10:PartA.c       **** 
  11:PartA.c       ****     config.mode = XMC_GPIO_MODE_OUTPUT_PUSH_PULL;
  49              		.loc 1 11 0
  50 0006 8023     		movs	r3, #128
  51 0008 3B71     		strb	r3, [r7, #4]
  12:PartA.c       ****     config.output_level = XMC_GPIO_OUTPUT_LEVEL_LOW;
  52              		.loc 1 12 0
  53 000a 4FF48033 		mov	r3, #65536
  54 000e BB60     		str	r3, [r7, #8]
  13:PartA.c       ****     config.output_strength = XMC_GPIO_OUTPUT_STRENGTH_MEDIUM;
  55              		.loc 1 13 0
  56 0010 0423     		movs	r3, #4
  57 0012 3B73     		strb	r3, [r7, #12]
  14:PartA.c       **** 
  15:PartA.c       ****     XMC_GPIO_Init(LED1, &config);
  58              		.loc 1 15 0
  59 0014 3B1D     		adds	r3, r7, #4
  60 0016 1A46     		mov	r2, r3
  61 0018 0121     		movs	r1, #1
  62 001a 0848     		ldr	r0, .L3
  63 001c FFF7FEFF 		bl	XMC_GPIO_Init
  16:PartA.c       **** 
  17:PartA.c       ****     DelayInit();
  64              		.loc 1 17 0
  65 0020 FFF7FEFF 		bl	DelayInit
  18:PartA.c       ****     delayMs(DOT_TIME);
  66              		.loc 1 18 0
  67 0024 6420     		movs	r0, #100
  68 0026 FFF7FEFF 		bl	delayMs
  69              	.L2:
  19:PartA.c       ****     while(1)
  20:PartA.c       ****     {
  21:PartA.c       ****         textToMorse(secretCode); //.. / -.-. .- -. / -- --- .-. ... .
  70              		.loc 1 21 0 discriminator 1
  71 002a 0548     		ldr	r0, .L3+4
  72 002c FFF7FEFF 		bl	textToMorse
  22:PartA.c       ****         // Space between Transmission
  23:PartA.c       ****         delayMs(REPEAT_TIME);
  73              		.loc 1 23 0 discriminator 1
  74 0030 41F25C20 		movw	r0, #4700
  75 0034 FFF7FEFF 		bl	delayMs
  21:PartA.c       ****         // Space between Transmission
  76              		.loc 1 21 0 discriminator 1
  77 0038 F7E7     		b	.L2
  78              	.L4:
  79 003a 00BF     		.align	2
  80              	.L3:
  81 003c 00810248 		.word	1208123648
  82 0040 00000000 		.word	secretCode
  83              		.cfi_endproc
  84              	.LFE138:
  86              		.text
  87              	.Letext0:
  88              		.file 2 "/usr/arm-none-eabi/include/machine/_default_types.h"
  89              		.file 3 "/usr/arm-none-eabi/include/sys/_stdint.h"
  90              		.file 4 "/usr/arm-none-eabi/include/sys/lock.h"
  91              		.file 5 "/usr/arm-none-eabi/include/sys/_types.h"
  92              		.file 6 "/usr/lib/gcc/arm-none-eabi/7.3.1/include/stddef.h"
  93              		.file 7 "/usr/arm-none-eabi/include/sys/reent.h"
  94              		.file 8 "/opt/XMClib/XMC_Peripheral_Library_v2.1.16/CMSIS/Include/core_cm4.h"
  95              		.file 9 "/opt/XMClib/XMC_Peripheral_Library_v2.1.16/CMSIS/Infineon/XMC4500_series/Include/system_X
  96              		.file 10 "/opt/XMClib/XMC_Peripheral_Library_v2.1.16/XMCLib/inc/xmc_gpio.h"
  97              		.file 11 "/opt/XMClib/XMC_Peripheral_Library_v2.1.16/XMCLib/inc/xmc4_gpio.h"
  98              		.file 12 "/usr/arm-none-eabi/include/ctype.h"
DEFINED SYMBOLS
                            *ABS*:0000000000000000 PartA.c
     /tmp/ccN9LIV6.s:21     .data:0000000000000000 secretCode
     /tmp/ccN9LIV6.s:18     .data:0000000000000000 $d
     /tmp/ccN9LIV6.s:24     .text.main:0000000000000000 $t
     /tmp/ccN9LIV6.s:31     .text.main:0000000000000000 main
     /tmp/ccN9LIV6.s:81     .text.main:000000000000003c $d
                           .group:0000000000000000 wm4.0.7a9f4dea188ccacb7d502cdcabb040c1
                           .group:0000000000000000 wm4.stddef.h.39.99b5021e28f91cdb161c889e07266673
                           .group:0000000000000000 wm4._newlib_version.h.4.875b979a44719054cd750d0952ad3fd6
                           .group:0000000000000000 wm4.features.h.33.5bd1eea2d80518b50f7af0b5ce6750e0
                           .group:0000000000000000 wm4._default_types.h.15.247e5cd201eca3442cbf5404108c4935
                           .group:0000000000000000 wm4._intsup.h.10.cce27fed8484c08a33f522034c30d2b5
                           .group:0000000000000000 wm4._stdint.h.10.c24fa3af3bc1706662bb5593a907e841
                           .group:0000000000000000 wm4.stdint.h.23.d53047a68f4a85177f80b422d52785ed
                           .group:0000000000000000 wm4.stdbool.h.29.07dce69c3b78884144b7f7bd19483461
                           .group:0000000000000000 wm4.newlib.h.8.f6e543eac3f2f65163ba2ffe3b04987b
                           .group:0000000000000000 wm4.ieeefp.h.77.220d9cccac42cd58761758bee2df4ce6
                           .group:0000000000000000 wm4.config.h.220.6cac6a9685cfce5e83c17784171638d9
                           .group:0000000000000000 wm4._ansi.h.31.de524f58584151836e90d8620a16f8e8
                           .group:0000000000000000 wm4.lock.h.2.1461d1fff82dffe8bfddc23307f6484f
                           .group:0000000000000000 wm4._types.h.125.5cf8a495f1f7ef36777ad868a1e32068
                           .group:0000000000000000 wm4.stddef.h.161.5349cb105733e8777bfb0cf53c4e3f34
                           .group:0000000000000000 wm4._types.h.184.03611d4f6b5bec9997bcf4279eceba07
                           .group:0000000000000000 wm4.reent.h.17.90c2574d4acdcfce933db5cb09ff35fe
                           .group:0000000000000000 wm4.cdefs.h.47.14fad0b327eb9dcf106599b738d85132
                           .group:0000000000000000 wm4.string.h.15.dab3980bf35408a4c507182805e2de3a
                           .group:0000000000000000 wm4.stddef.h.161.19e15733342b50ead2919490b095303e
                           .group:0000000000000000 wm4.xmc_device.h.61.ba2d082e12f51240746cffdd60d42b81
                           .group:0000000000000000 wm4.XMC4500.h.55.9aa45b9b5790506b2dcb963e4e7adeaf
                           .group:0000000000000000 wm4.core_cm4.h.32.6c6eb1c8daeca23ce7ba79c8e8120d52
                           .group:0000000000000000 wm4.cmsis_gcc.h.26.91b63349961c35637933e4fba51b867b
                           .group:0000000000000000 wm4.core_cm4.h.172.fdd5a388a160bb6ff767b7d7ee212268
                           .group:0000000000000000 wm4.system_XMC4500.h.42.99124977c10ca8844a71949adbeabd70
                           .group:0000000000000000 wm4.XMC4500.h.208.b340195df97f067735c4c769ba59985a
                           .group:0000000000000000 wm4.xmc_device.h.1460.8860499b404961ffcfbb8d1fefcb2146
                           .group:0000000000000000 wm4.xmc_common.h.92.3f4336a80569affab05a81145b87c2fc
                           .group:0000000000000000 wm4.xmc_gpio.h.97.fa6a2e1be6030a75d960293cc3bbbd6b
                           .group:0000000000000000 wm4.xmc4_gpio_map.h.74.66e9110cf801b78826ef5354da51c32f
                           .group:0000000000000000 wm4.xmc4_gpio.h.79.ce6c49508b5a7769c66e7e3c21dcdfe4
                           .group:0000000000000000 wm4.ctype.h.2.56b1b2226dd0fb45614b0e18787c61f7
                           .group:0000000000000000 wm4.config.h.6.25be7e7c8ed618f9f21db75545fd267c

UNDEFINED SYMBOLS
XMC_GPIO_Init
DelayInit
delayMs
textToMorse
